Build started 4/10/2014 1:04:12 PM.
     1>Project "C:\Users\Ady\Documents\Visual Studio 2012\Projects\ConsoleApplication8\ConsoleApplication8\ConsoleApplication8.vcxproj" on node 2 (Build target(s)).
     1>ClCompile:
         C:\Program Files (x86)\Microsoft Visual Studio 11.0\VC\bin\CL.exe /c /ZI /nologo /W3 /WX- /sdl /Od /Oy- /D WIN32 /D _DEBUG /D _CONSOLE /D _UNICODE /D UNICODE /Gm /EHsc /RTC1 /MDd /GS /fp:precise /Zc:wchar_t /Zc:forScope /Yu"stdafx.h" /Fp"Debug\ConsoleApplication8.pch" /Fo"Debug\\" /Fd"Debug\vc110.pdb" /Gd /TP /analyze- /errorReport:prompt ConsoleApplication8.cpp
         ConsoleApplication8.cpp
       Link:
         C:\Program Files (x86)\Microsoft Visual Studio 11.0\VC\bin\link.exe /ERRORREPORT:PROMPT /OUT:"C:\Users\Ady\Documents\Visual Studio 2012\Projects\ConsoleApplication8\Debug\ConsoleApplication8.exe" /INCREMENTAL /NOLOGO kernel32.lib user32.lib gdi32.lib winspool.lib comdlg32.lib advapi32.lib shell32.lib ole32.lib oleaut32.lib uuid.lib odbc32.lib odbccp32.lib /MANIFEST /MANIFESTUAC:"level='asInvoker' uiAccess='false'" /manifest:embed /DEBUG /PDB:"C:\Users\Ady\Documents\Visual Studio 2012\Projects\ConsoleApplication8\Debug\ConsoleApplication8.pdb" /SUBSYSTEM:CONSOLE /TLBID:1 /DYNAMICBASE /NXCOMPAT /IMPLIB:"C:\Users\Ady\Documents\Visual Studio 2012\Projects\ConsoleApplication8\Debug\ConsoleApplication8.lib" /MACHINE:X86 Debug\ConsoleApplication8.obj
         Debug\stdafx.obj
     1>ConsoleApplication8.obj : error LNK2019: unresolved external symbol __imp__wglCreateContext@4 referenced in function "void __cdecl EnableOpenGL(struct HWND__ *,struct HDC__ * *,struct HGLRC__ * *)" (?EnableOpenGL@@YAXPAUHWND__@@PAPAUHDC__@@PAPAUHGLRC__@@@Z)
     1>ConsoleApplication8.obj : error LNK2019: unresolved external symbol __imp__wglDeleteContext@4 referenced in function "void __cdecl DisableOpenGL(struct HWND__ *,struct HDC__ *,struct HGLRC__ *)" (?DisableOpenGL@@YAXPAUHWND__@@PAUHDC__@@PAUHGLRC__@@@Z)
     1>ConsoleApplication8.obj : error LNK2019: unresolved external symbol __imp__wglMakeCurrent@8 referenced in function "void __cdecl DisableOpenGL(struct HWND__ *,struct HDC__ *,struct HGLRC__ *)" (?DisableOpenGL@@YAXPAUHWND__@@PAUHDC__@@PAUHGLRC__@@@Z)
     1>ConsoleApplication8.obj : error LNK2019: unresolved external symbol __imp__glBegin@4 referenced in function _WinMain@16
     1>ConsoleApplication8.obj : error LNK2019: unresolved external symbol __imp__glClear@4 referenced in function _WinMain@16
     1>ConsoleApplication8.obj : error LNK2019: unresolved external symbol __imp__glClearColor@16 referenced in function _WinMain@16
     1>ConsoleApplication8.obj : error LNK2019: unresolved external symbol __imp__glColor3f@12 referenced in function _WinMain@16
     1>ConsoleApplication8.obj : error LNK2019: unresolved external symbol __imp__glEnd@0 referenced in function _WinMain@16
     1>ConsoleApplication8.obj : error LNK2019: unresolved external symbol __imp__glPopMatrix@0 referenced in function _WinMain@16
     1>ConsoleApplication8.obj : error LNK2019: unresolved external symbol __imp__glPushMatrix@0 referenced in function _WinMain@16
     1>ConsoleApplication8.obj : error LNK2019: unresolved external symbol __imp__glRotatef@16 referenced in function _WinMain@16
     1>ConsoleApplication8.obj : error LNK2019: unresolved external symbol __imp__glVertex2f@8 referenced in function _WinMain@16
     1>MSVCRTD.lib(crtexe.obj) : error LNK2019: unresolved external symbol _main referenced in function ___tmainCRTStartup
     1>C:\Users\Ady\Documents\Visual Studio 2012\Projects\ConsoleApplication8\Debug\ConsoleApplication8.exe : fatal error LNK1120: 13 unresolved externals
     1>Done Building Project "C:\Users\Ady\Documents\Visual Studio 2012\Projects\ConsoleApplication8\ConsoleApplication8\ConsoleApplication8.vcxproj" (Build target(s)) -- FAILED.

Build FAILED.

Time Elapsed 00:00:00.85
